<?xml version="1.0" encoding="UTF-8"?>
<testng-results skipped="0" failed="0" ignored="0" total="1" passed="1">
  <reporter-output>
  </reporter-output>
  <suite name="Default suite" duration-ms="15138" started-at="2017-08-22T19:02:56Z" finished-at="2017-08-22T19:03:11Z">
    <groups>
    </groups>
    <test name="Default test" duration-ms="15138" started-at="2017-08-22T19:02:56Z" finished-at="2017-08-22T19:03:11Z">
      <class name="Regression.VerifyTitle">
        <test-method status="PASS" signature="test123()[pri:0, instance:Regression.VerifyTitle@46d56d67]" name="test123" duration-ms="15125" started-at="2017-08-22T12:02:56Z" finished-at="2017-08-22T12:03:11Z">
          <reporter-output>
          </reporter-output>
        </test-method> <!-- test123 -->
      </class> <!-- Regression.VerifyTitle -->
    </test> <!-- Default test -->
  </suite> <!-- Default suite -->
</testng-results>
